<project>
  <dependencies>
    <dependency>
      <groupId>org.apache.maven</groupId>
      <artifactId>maven-plugin-api</artifactId>
      <version>2.0</version>
    </dependency>
    <dependency>
      <groupId>dom4j</groupId>
      <artifactId>dom4j</artifactId>
      <version>1.6.1</version>
      <exclusions>
        <exclusion>
          <groupId>xom</groupId>
          <artifactId>xom</artifactId>
        </exclusion>
      </exclusions>
    </dependency>
    <dependency>
      <groupId>commons-collections</groupId>
      <artifactId>commons-collections</artifactId>
      <version>3.2</version>
    </dependency>
  </dependencies>
</project>
